
============================================================
Loading Data
============================================================
Train samples: 10597
Val samples: 1191

============================================================
Creating Model
============================================================

================================================================================
Training Configuration (Continuous Mode)
================================================================================
Total Epochs: 450
  - Stage 1 (Head only): Epochs 1-50
  - Stage 2 (Unfreeze 3 blocks): Epochs 51-250
  - Stage 3 (Unfreeze 6 blocks): Epochs 251-450
================================================================================

Epoch 1/450 [Stage 1]
Train - Loss: 5.5175, Acc@1: 0.47%, Acc@5: 2.52%
Val   - Loss: 5.7304, Acc@1: 0.55%, Acc@5: 2.34%
LR: 0.000100

Epoch 2/450 [Stage 1]
Train - Loss: 5.4100, Acc@1: 0.73%, Acc@5: 3.45%
Val   - Loss: 5.6355, Acc@1: 0.62%, Acc@5: 2.50%
LR: 0.000113

Epoch 3/450 [Stage 1]
Train - Loss: 5.3227, Acc@1: 1.07%, Acc@5: 4.90%
Val   - Loss: 5.5453, Acc@1: 0.86%, Acc@5: 3.62%
LR: 0.000127

Epoch 4/450 [Stage 1]
Train - Loss: 5.2522, Acc@1: 1.58%, Acc@5: 6.66%
Val   - Loss: 5.4636, Acc@1: 0.94%, Acc@5: 3.83%
LR: 0.000140

Epoch 5/450 [Stage 1]
Train - Loss: 5.2043, Acc@1: 1.97%, Acc@5: 7.45%
Val   - Loss: 5.3858, Acc@1: 1.33%, Acc@5: 4.53%
LR: 0.000153

Epoch 6/450 [Stage 1]
Train - Loss: 5.1549, Acc@1: 2.26%, Acc@5: 8.87%
Val   - Loss: 5.3032, Acc@1: 1.48%, Acc@5: 6.17%
LR: 0.000167

Epoch 7/450 [Stage 1]
Train - Loss: 5.0994, Acc@1: 2.60%, Acc@5: 10.00%
Val   - Loss: 5.2451, Acc@1: 1.48%, Acc@5: 6.72%
LR: 0.000180

Epoch 8/450 [Stage 1]
Train - Loss: 5.0765, Acc@1: 3.05%, Acc@5: 10.53%
Val   - Loss: 5.1837, Acc@1: 1.56%, Acc@5: 7.11%
LR: 0.000193

Epoch 9/450 [Stage 1]
Train - Loss: 5.0477, Acc@1: 3.01%, Acc@5: 11.22%
Val   - Loss: 5.1398, Acc@1: 1.80%, Acc@5: 8.15%
LR: 0.000207

Epoch 10/450 [Stage 1]
Train - Loss: 5.0186, Acc@1: 3.30%, Acc@5: 12.41%
Val   - Loss: 5.1001, Acc@1: 1.56%, Acc@5: 9.01%
LR: 0.000220

Epoch 11/450 [Stage 1]
Train - Loss: 4.9880, Acc@1: 3.67%, Acc@5: 13.31%
Val   - Loss: 5.0634, Acc@1: 2.42%, Acc@5: 9.61%
LR: 0.000233

Epoch 12/450 [Stage 1]
Train - Loss: 4.9734, Acc@1: 3.68%, Acc@5: 13.72%
Val   - Loss: 5.0113, Acc@1: 2.66%, Acc@5: 11.19%
LR: 0.000247

Epoch 13/450 [Stage 1]
Train - Loss: 4.9584, Acc@1: 3.90%, Acc@5: 13.60%
Val   - Loss: 4.9866, Acc@1: 3.44%, Acc@5: 12.02%
LR: 0.000260

Epoch 14/450 [Stage 1]
Train - Loss: 4.9392, Acc@1: 4.52%, Acc@5: 14.76%
Val   - Loss: 4.9392, Acc@1: 3.20%, Acc@5: 11.66%
LR: 0.000273

Epoch 15/450 [Stage 1]
Train - Loss: 4.9319, Acc@1: 4.50%, Acc@5: 14.59%
Val   - Loss: 4.8997, Acc@1: 3.91%, Acc@5: 14.16%
LR: 0.000287

Epoch 16/450 [Stage 1]
Train - Loss: 4.9154, Acc@1: 4.39%, Acc@5: 15.17%
Val   - Loss: 4.8538, Acc@1: 3.91%, Acc@5: 14.48%
LR: 0.000300

Epoch 17/450 [Stage 1]
Train - Loss: 4.9064, Acc@1: 4.63%, Acc@5: 14.97%
Val   - Loss: 4.8271, Acc@1: 3.98%, Acc@5: 15.43%
LR: 0.000313

Epoch 18/450 [Stage 1]
Train - Loss: 4.8799, Acc@1: 4.95%, Acc@5: 16.19%
Val   - Loss: 4.8176, Acc@1: 4.77%, Acc@5: 17.68%
LR: 0.000327

Epoch 19/450 [Stage 1]
Train - Loss: 4.8818, Acc@1: 4.54%, Acc@5: 16.07%
Val   - Loss: 4.7653, Acc@1: 5.55%, Acc@5: 18.60%
LR: 0.000340

Epoch 20/450 [Stage 1]
Train - Loss: 4.8956, Acc@1: 5.01%, Acc@5: 15.80%
Val   - Loss: 4.7450, Acc@1: 5.94%, Acc@5: 19.41%
LR: 0.000353

Epoch 21/450 [Stage 1]
Train - Loss: 4.8882, Acc@1: 4.86%, Acc@5: 15.78%
Val   - Loss: 4.7131, Acc@1: 6.51%, Acc@5: 21.05%
LR: 0.000367

Epoch 22/450 [Stage 1]
Train - Loss: 4.8703, Acc@1: 5.01%, Acc@5: 16.89%
Val   - Loss: 4.6955, Acc@1: 6.04%, Acc@5: 20.09%
LR: 0.000380

Epoch 23/450 [Stage 1]
Train - Loss: 4.8722, Acc@1: 5.14%, Acc@5: 16.77%
Val   - Loss: 4.6898, Acc@1: 7.13%, Acc@5: 20.34%
LR: 0.000393

Epoch 24/450 [Stage 1]
Train - Loss: 4.8731, Acc@1: 5.01%, Acc@5: 16.86%
Val   - Loss: 4.6859, Acc@1: 6.56%, Acc@5: 20.71%
LR: 0.000407

Epoch 25/450 [Stage 1]
Train - Loss: 4.8833, Acc@1: 5.21%, Acc@5: 16.82%
Val   - Loss: 4.6977, Acc@1: 6.33%, Acc@5: 20.40%
LR: 0.000420

Epoch 26/450 [Stage 1]
Train - Loss: 4.8753, Acc@1: 5.42%, Acc@5: 17.24%
Val   - Loss: 4.6455, Acc@1: 7.83%, Acc@5: 22.09%
LR: 0.000433

Epoch 27/450 [Stage 1]
Train - Loss: 4.8889, Acc@1: 5.35%, Acc@5: 16.96%
Val   - Loss: 4.6581, Acc@1: 7.44%, Acc@5: 22.77%
LR: 0.000447

Epoch 28/450 [Stage 1]
Train - Loss: 4.8819, Acc@1: 5.01%, Acc@5: 16.61%
Val   - Loss: 4.6074, Acc@1: 8.05%, Acc@5: 23.78%
LR: 0.000460

Epoch 29/450 [Stage 1]
Train - Loss: 4.8877, Acc@1: 5.30%, Acc@5: 17.19%
Val   - Loss: 4.6018, Acc@1: 7.83%, Acc@5: 23.12%
LR: 0.000473

Epoch 30/450 [Stage 1]
Train - Loss: 4.8846, Acc@1: 5.15%, Acc@5: 17.39%
Val   - Loss: 4.6164, Acc@1: 6.90%, Acc@5: 23.69%
LR: 0.000487

Epoch 31/450 [Stage 1]
Train - Loss: 4.8849, Acc@1: 5.60%, Acc@5: 16.96%
Val   - Loss: 4.5793, Acc@1: 7.80%, Acc@5: 26.08%
LR: 0.000500

Epoch 32/450 [Stage 1]
Train - Loss: 4.8829, Acc@1: 5.40%, Acc@5: 17.27%
Val   - Loss: 4.5602, Acc@1: 9.60%, Acc@5: 26.37%
LR: 0.000500

Epoch 33/450 [Stage 1]
Train - Loss: 4.8897, Acc@1: 5.86%, Acc@5: 17.89%
Val   - Loss: 4.5315, Acc@1: 9.39%, Acc@5: 26.90%
LR: 0.000500

Epoch 34/450 [Stage 1]
Train - Loss: 4.8914, Acc@1: 5.67%, Acc@5: 16.89%
Val   - Loss: 4.5531, Acc@1: 9.62%, Acc@5: 26.33%
LR: 0.000500

Epoch 35/450 [Stage 1]
Train - Loss: 4.9077, Acc@1: 5.36%, Acc@5: 17.32%
Val   - Loss: 4.5556, Acc@1: 8.63%, Acc@5: 25.54%
LR: 0.000500

Epoch 36/450 [Stage 1]
Train - Loss: 4.8945, Acc@1: 5.80%, Acc@5: 17.45%
Val   - Loss: 4.5289, Acc@1: 9.18%, Acc@5: 26.33%
LR: 0.000500

Epoch 37/450 [Stage 1]
Train - Loss: 4.8806, Acc@1: 5.36%, Acc@5: 17.18%
Val   - Loss: 4.5300, Acc@1: 9.93%, Acc@5: 26.19%
LR: 0.000500

Epoch 38/450 [Stage 1]
Train - Loss: 4.8988, Acc@1: 5.35%, Acc@5: 17.62%
Val   - Loss: 4.5041, Acc@1: 9.42%, Acc@5: 27.03%
LR: 0.000500

Epoch 39/450 [Stage 1]
Train - Loss: 4.8990, Acc@1: 5.29%, Acc@5: 17.47%
Val   - Loss: 4.4719, Acc@1: 9.65%, Acc@5: 27.74%
LR: 0.000500

Epoch 40/450 [Stage 1]
Train - Loss: 4.8981, Acc@1: 5.34%, Acc@5: 17.44%
Val   - Loss: 4.4717, Acc@1: 10.11%, Acc@5: 28.58%
LR: 0.000499

Epoch 41/450 [Stage 1]
Train - Loss: 4.8962, Acc@1: 5.30%, Acc@5: 17.15%
Val   - Loss: 4.4544, Acc@1: 10.20%, Acc@5: 28.68%
LR: 0.000499

Epoch 42/450 [Stage 1]
Train - Loss: 4.8908, Acc@1: 5.47%, Acc@5: 18.25%
Val   - Loss: 4.4216, Acc@1: 10.77%, Acc@5: 28.42%
LR: 0.000499

Epoch 43/450 [Stage 1]
Train - Loss: 4.8892, Acc@1: 5.43%, Acc@5: 17.73%
Val   - Loss: 4.4315, Acc@1: 9.94%, Acc@5: 29.41%
LR: 0.000499

Epoch 44/450 [Stage 1]
Train - Loss: 4.8991, Acc@1: 5.58%, Acc@5: 17.32%
Val   - Loss: 4.4737, Acc@1: 11.16%, Acc@5: 28.42%
LR: 0.000499

Epoch 45/450 [Stage 1]
Train - Loss: 4.9094, Acc@1: 5.24%, Acc@5: 17.15%
Val   - Loss: 4.4409, Acc@1: 11.32%, Acc@5: 29.99%
LR: 0.000499

Epoch 46/450 [Stage 1]
Train - Loss: 4.8914, Acc@1: 5.30%, Acc@5: 18.36%
Val   - Loss: 4.4515, Acc@1: 10.96%, Acc@5: 27.89%
LR: 0.000498

Epoch 47/450 [Stage 1]
Train - Loss: 4.8912, Acc@1: 5.38%, Acc@5: 17.62%
Val   - Loss: 4.4527, Acc@1: 9.92%, Acc@5: 27.22%
LR: 0.000498

Epoch 48/450 [Stage 1]
Train - Loss: 4.9131, Acc@1: 5.18%, Acc@5: 17.46%
Val   - Loss: 4.4856, Acc@1: 11.37%, Acc@5: 27.22%
LR: 0.000498

Epoch 49/450 [Stage 1]
Train - Loss: 4.8911, Acc@1: 5.51%, Acc@5: 17.34%
Val   - Loss: 4.4514, Acc@1: 9.84%, Acc@5: 28.34%
LR: 0.000498

Epoch 50/450 [Stage 1]
Train - Loss: 4.8891, Acc@1: 5.86%, Acc@5: 18.00%
Val   - Loss: 4.4787, Acc@1: 9.40%, Acc@5: 27.63%
LR: 0.000497
Entering Stage 2: Unfreezing last 3 blocks
✓ Optimizer updated with 2 parameter groups
  Group 0 (head): lr=0.000300
  Group 1 (backbone): lr=0.000050

Epoch 51/450 [Stage 2]
Train - Loss: 4.7413, Acc@1: 6.76%, Acc@5: 21.43%
Val   - Loss: 4.2887, Acc@1: 11.43%, Acc@5: 32.97%
LR (head): 0.000298
LR (backbone): 0.000050

Epoch 52/450 [Stage 2]
Train - Loss: 4.5651, Acc@1: 8.78%, Acc@5: 26.29%
Val   - Loss: 4.1133, Acc@1: 14.94%, Acc@5: 39.54%
LR (head): 0.000298
LR (backbone): 0.000050

Epoch 53/450 [Stage 2]
Train - Loss: 4.4559, Acc@1: 10.23%, Acc@5: 28.23%
Val   - Loss: 4.0047, Acc@1: 16.45%, Acc@5: 42.73%
LR (head): 0.000298
LR (backbone): 0.000050

Epoch 54/450 [Stage 2]
Train - Loss: 4.3633, Acc@1: 11.74%, Acc@5: 31.25%
Val   - Loss: 3.9260, Acc@1: 18.37%, Acc@5: 45.99%
LR (head): 0.000298
LR (backbone): 0.000050

Epoch 55/450 [Stage 2]
Train - Loss: 4.2961, Acc@1: 13.03%, Acc@5: 33.58%
Val   - Loss: 3.8314, Acc@1: 19.62%, Acc@5: 48.27%
LR (head): 0.000298
LR (backbone): 0.000050

Epoch 56/450 [Stage 2]
Train - Loss: 4.2424, Acc@1: 13.69%, Acc@5: 35.24%
Val   - Loss: 3.8174, Acc@1: 18.68%, Acc@5: 48.03%
LR (head): 0.000297
LR (backbone): 0.000050

Epoch 57/450 [Stage 2]
Train - Loss: 4.1621, Acc@1: 15.48%, Acc@5: 37.92%
Val   - Loss: 3.7609, Acc@1: 20.24%, Acc@5: 50.02%
LR (head): 0.000297
LR (backbone): 0.000050

Epoch 58/450 [Stage 2]
Train - Loss: 4.1250, Acc@1: 16.04%, Acc@5: 39.06%
Val   - Loss: 3.7192, Acc@1: 20.11%, Acc@5: 51.79%
LR (head): 0.000297
LR (backbone): 0.000049

Epoch 59/450 [Stage 2]
Train - Loss: 4.1184, Acc@1: 16.16%, Acc@5: 39.18%
Val   - Loss: 3.7012, Acc@1: 22.16%, Acc@5: 51.85%
LR (head): 0.000297
LR (backbone): 0.000049

Epoch 60/450 [Stage 2]
Train - Loss: 4.0578, Acc@1: 17.19%, Acc@5: 40.78%
Val   - Loss: 3.6441, Acc@1: 22.53%, Acc@5: 54.31%
LR (head): 0.000296
LR (backbone): 0.000049

Epoch 61/450 [Stage 2]
Train - Loss: 4.0282, Acc@1: 17.68%, Acc@5: 41.64%
Val   - Loss: 3.6620, Acc@1: 22.79%, Acc@5: 54.82%
LR (head): 0.000296
LR (backbone): 0.000049

Epoch 62/450 [Stage 2]
Train - Loss: 4.0023, Acc@1: 18.91%, Acc@5: 42.37%
Val   - Loss: 3.6180, Acc@1: 24.37%, Acc@5: 56.64%
LR (head): 0.000296
LR (backbone): 0.000049

Epoch 63/450 [Stage 2]
Train - Loss: 3.9623, Acc@1: 19.28%, Acc@5: 44.05%
Val   - Loss: 3.6185, Acc@1: 24.84%, Acc@5: 55.88%
LR (head): 0.000296
LR (backbone): 0.000049

Epoch 64/450 [Stage 2]
Train - Loss: 3.9295, Acc@1: 19.48%, Acc@5: 44.14%
Val   - Loss: 3.5343, Acc@1: 25.15%, Acc@5: 57.57%
LR (head): 0.000295
LR (backbone): 0.000049

Epoch 65/450 [Stage 2]
Train - Loss: 3.9044, Acc@1: 19.94%, Acc@5: 45.16%
Val   - Loss: 3.4493, Acc@1: 27.81%, Acc@5: 59.11%
LR (head): 0.000295
LR (backbone): 0.000049

Epoch 66/450 [Stage 2]
Train - Loss: 3.8886, Acc@1: 21.12%, Acc@5: 45.66%
Val   - Loss: 3.3920, Acc@1: 29.19%, Acc@5: 61.25%
LR (head): 0.000295
LR (backbone): 0.000049

Epoch 67/450 [Stage 2]
Train - Loss: 3.8736, Acc@1: 21.42%, Acc@5: 46.28%
Val   - Loss: 3.3132, Acc@1: 29.59%, Acc@5: 62.57%
LR (head): 0.000295
LR (backbone): 0.000049

Epoch 68/450 [Stage 2]
Train - Loss: 3.8384, Acc@1: 21.84%, Acc@5: 47.37%
Val   - Loss: 3.2678, Acc@1: 29.66%, Acc@5: 64.59%
LR (head): 0.000294
LR (backbone): 0.000049

Epoch 69/450 [Stage 2]
Train - Loss: 3.8440, Acc@1: 21.58%, Acc@5: 47.05%
Val   - Loss: 3.2986, Acc@1: 31.90%, Acc@5: 63.83%
LR (head): 0.000294
LR (backbone): 0.000049

Epoch 70/450 [Stage 2]
Train - Loss: 3.8187, Acc@1: 22.28%, Acc@5: 47.24%
Val   - Loss: 3.2603, Acc@1: 33.19%, Acc@5: 64.34%
LR (head): 0.000294
LR (backbone): 0.000049

Epoch 71/450 [Stage 2]
Train - Loss: 3.7841, Acc@1: 23.10%, Acc@5: 48.05%
Val   - Loss: 3.2168, Acc@1: 33.30%, Acc@5: 66.06%
LR (head): 0.000293
LR (backbone): 0.000049

Epoch 72/450 [Stage 2]
Train - Loss: 3.7642, Acc@1: 23.10%, Acc@5: 49.62%
Val   - Loss: 3.1473, Acc@1: 34.96%, Acc@5: 67.38%
LR (head): 0.000293
LR (backbone): 0.000049

Epoch 73/450 [Stage 2]
Train - Loss: 3.7401, Acc@1: 23.66%, Acc@5: 49.88%
Val   - Loss: 3.1375, Acc@1: 34.93%, Acc@5: 67.55%
LR (head): 0.000293
LR (backbone): 0.000049

Epoch 74/450 [Stage 2]
Train - Loss: 3.7517, Acc@1: 24.07%, Acc@5: 49.69%
Val   - Loss: 3.0994, Acc@1: 36.59%, Acc@5: 69.63%
LR (head): 0.000292
LR (backbone): 0.000049

Epoch 75/450 [Stage 2]
Train - Loss: 3.7270, Acc@1: 24.44%, Acc@5: 50.22%
Val   - Loss: 3.1440, Acc@1: 36.02%, Acc@5: 67.17%
LR (head): 0.000292
LR (backbone): 0.000049

Epoch 76/450 [Stage 2]
Train - Loss: 3.7001, Acc@1: 24.59%, Acc@5: 51.48%
Val   - Loss: 3.0859, Acc@1: 37.12%, Acc@5: 70.48%
LR (head): 0.000292
LR (backbone): 0.000049

Epoch 77/450 [Stage 2]
Train - Loss: 3.6913, Acc@1: 25.09%, Acc@5: 50.96%
Val   - Loss: 3.0318, Acc@1: 37.45%, Acc@5: 71.01%
LR (head): 0.000291
LR (backbone): 0.000049

Epoch 78/450 [Stage 2]
Train - Loss: 3.6941, Acc@1: 24.38%, Acc@5: 50.87%
Val   - Loss: 3.0409, Acc@1: 37.43%, Acc@5: 70.73%
LR (head): 0.000291
LR (backbone): 0.000048

Epoch 79/450 [Stage 2]
Train - Loss: 3.6547, Acc@1: 26.00%, Acc@5: 51.93%
Val   - Loss: 2.9909, Acc@1: 37.92%, Acc@5: 72.42%
LR (head): 0.000290
LR (backbone): 0.000048

Epoch 80/450 [Stage 2]
Train - Loss: 3.6403, Acc@1: 26.09%, Acc@5: 51.97%
Val   - Loss: 2.9850, Acc@1: 40.31%, Acc@5: 71.79%
LR (head): 0.000290
LR (backbone): 0.000048

Epoch 81/450 [Stage 2]
Train - Loss: 3.6223, Acc@1: 26.28%, Acc@5: 53.36%
Val   - Loss: 2.9757, Acc@1: 38.96%, Acc@5: 72.46%
LR (head): 0.000290
LR (backbone): 0.000048

Epoch 82/450 [Stage 2]
Train - Loss: 3.6291, Acc@1: 26.42%, Acc@5: 52.26%
Val   - Loss: 2.9262, Acc@1: 42.05%, Acc@5: 73.73%
LR (head): 0.000289
LR (backbone): 0.000048

Epoch 83/450 [Stage 2]
Train - Loss: 3.6062, Acc@1: 26.38%, Acc@5: 53.41%
Val   - Loss: 2.9292, Acc@1: 40.91%, Acc@5: 75.29%
LR (head): 0.000289
LR (backbone): 0.000048

Epoch 84/450 [Stage 2]
Train - Loss: 3.5930, Acc@1: 27.00%, Acc@5: 53.31%
Val   - Loss: 2.8981, Acc@1: 40.70%, Acc@5: 73.53%
LR (head): 0.000288
LR (backbone): 0.000048

Epoch 85/450 [Stage 2]
Train - Loss: 3.5925, Acc@1: 26.90%, Acc@5: 54.20%
Val   - Loss: 2.8990, Acc@1: 41.08%, Acc@5: 75.31%
LR (head): 0.000288
LR (backbone): 0.000048

Epoch 86/450 [Stage 2]
Train - Loss: 3.5791, Acc@1: 27.10%, Acc@5: 53.67%
Val   - Loss: 2.8982, Acc@1: 41.74%, Acc@5: 75.69%
LR (head): 0.000288
LR (backbone): 0.000048

Epoch 87/450 [Stage 2]
Train - Loss: 3.5236, Acc@1: 28.56%, Acc@5: 55.53%
Val   - Loss: 2.8620, Acc@1: 41.35%, Acc@5: 75.57%
LR (head): 0.000287
LR (backbone): 0.000048

Epoch 88/450 [Stage 2]
Train - Loss: 3.5534, Acc@1: 27.42%, Acc@5: 54.14%
Val   - Loss: 2.8878, Acc@1: 42.38%, Acc@5: 76.51%
LR (head): 0.000287
LR (backbone): 0.000048

Epoch 89/450 [Stage 2]
Train - Loss: 3.5396, Acc@1: 28.27%, Acc@5: 54.99%
Val   - Loss: 2.8807, Acc@1: 42.75%, Acc@5: 76.64%
LR (head): 0.000286
LR (backbone): 0.000048

Epoch 90/450 [Stage 2]
Train - Loss: 3.5320, Acc@1: 28.20%, Acc@5: 55.52%
Val   - Loss: 2.8420, Acc@1: 44.69%, Acc@5: 77.21%
LR (head): 0.000286
LR (backbone): 0.000048

Epoch 91/450 [Stage 2]
Train - Loss: 3.5023, Acc@1: 28.28%, Acc@5: 56.05%
Val   - Loss: 2.8011, Acc@1: 45.84%, Acc@5: 76.96%
LR (head): 0.000285
LR (backbone): 0.000048

Epoch 92/450 [Stage 2]
Train - Loss: 3.5021, Acc@1: 29.15%, Acc@5: 55.67%
Val   - Loss: 2.8156, Acc@1: 43.52%, Acc@5: 77.19%
LR (head): 0.000285
LR (backbone): 0.000047

Epoch 93/450 [Stage 2]
Train - Loss: 3.4802, Acc@1: 29.56%, Acc@5: 56.71%
Val   - Loss: 2.7966, Acc@1: 45.31%, Acc@5: 77.60%
LR (head): 0.000284
LR (backbone): 0.000047

Epoch 94/450 [Stage 2]
Train - Loss: 3.4634, Acc@1: 29.95%, Acc@5: 56.89%
Val   - Loss: 2.7665, Acc@1: 45.61%, Acc@5: 78.23%
LR (head): 0.000284
LR (backbone): 0.000047

Epoch 95/450 [Stage 2]
Train - Loss: 3.4529, Acc@1: 30.13%, Acc@5: 57.08%
Val   - Loss: 2.7988, Acc@1: 44.73%, Acc@5: 78.39%
LR (head): 0.000283
LR (backbone): 0.000047

Epoch 96/450 [Stage 2]
Train - Loss: 3.4282, Acc@1: 30.57%, Acc@5: 57.87%
Val   - Loss: 2.8104, Acc@1: 45.59%, Acc@5: 78.29%
LR (head): 0.000283
LR (backbone): 0.000047

Epoch 97/450 [Stage 2]
Train - Loss: 3.4214, Acc@1: 31.12%, Acc@5: 57.62%
Val   - Loss: 2.8095, Acc@1: 45.72%, Acc@5: 77.35%
LR (head): 0.000282
LR (backbone): 0.000047

Epoch 98/450 [Stage 2]
Train - Loss: 3.4052, Acc@1: 30.99%, Acc@5: 58.33%
Val   - Loss: 2.8209, Acc@1: 45.43%, Acc@5: 77.60%
LR (head): 0.000282
LR (backbone): 0.000047

Epoch 99/450 [Stage 2]
Train - Loss: 3.3922, Acc@1: 31.40%, Acc@5: 58.61%
Val   - Loss: 2.8014, Acc@1: 45.04%, Acc@5: 77.24%
LR (head): 0.000281
LR (backbone): 0.000047

Epoch 100/450 [Stage 2]
Train - Loss: 3.3976, Acc@1: 30.95%, Acc@5: 58.75%
Val   - Loss: 2.7895, Acc@1: 44.52%, Acc@5: 78.60%
LR (head): 0.000281
LR (backbone): 0.000047

Epoch 101/450 [Stage 2]
Train - Loss: 3.3899, Acc@1: 31.41%, Acc@5: 59.20%
Val   - Loss: 2.7914, Acc@1: 44.94%, Acc@5: 78.88%
LR (head): 0.000280
LR (backbone): 0.000047

Epoch 102/450 [Stage 2]
Train - Loss: 3.3828, Acc@1: 31.14%, Acc@5: 59.11%
Val   - Loss: 2.7993, Acc@1: 45.49%, Acc@5: 77.89%
LR (head): 0.000279
LR (backbone): 0.000047

Epoch 103/450 [Stage 2]
Train - Loss: 3.3582, Acc@1: 32.09%, Acc@5: 59.50%
Val   - Loss: 2.7694, Acc@1: 45.14%, Acc@5: 77.92%
LR (head): 0.000279
LR (backbone): 0.000046

Epoch 104/450 [Stage 2]
Train - Loss: 3.3461, Acc@1: 32.56%, Acc@5: 59.62%
Val   - Loss: 2.7825, Acc@1: 45.56%, Acc@5: 77.87%
LR (head): 0.000278
LR (backbone): 0.000046

Epoch 105/450 [Stage 2]
Train - Loss: 3.3458, Acc@1: 32.17%, Acc@5: 60.27%
Val   - Loss: 2.7840, Acc@1: 47.51%, Acc@5: 77.38%
LR (head): 0.000278
LR (backbone): 0.000046

Epoch 106/450 [Stage 2]
Train - Loss: 3.3475, Acc@1: 32.13%, Acc@5: 59.54%
Val   - Loss: 2.7437, Acc@1: 48.05%, Acc@5: 78.80%
LR (head): 0.000277
LR (backbone): 0.000046

Epoch 107/450 [Stage 2]
Train - Loss: 3.3141, Acc@1: 33.37%, Acc@5: 60.36%
Val   - Loss: 2.7345, Acc@1: 46.65%, Acc@5: 78.41%
LR (head): 0.000276
LR (backbone): 0.000046

Epoch 108/450 [Stage 2]
Train - Loss: 3.2863, Acc@1: 33.91%, Acc@5: 61.26%
Val   - Loss: 2.7845, Acc@1: 46.78%, Acc@5: 78.49%
LR (head): 0.000276
LR (backbone): 0.000046

Epoch 109/450 [Stage 2]
Train - Loss: 3.3021, Acc@1: 33.66%, Acc@5: 60.80%
Val   - Loss: 2.8224, Acc@1: 46.58%, Acc@5: 77.37%
LR (head): 0.000275
LR (backbone): 0.000046

Epoch 110/450 [Stage 2]
Train - Loss: 3.3023, Acc@1: 34.13%, Acc@5: 60.54%
Val   - Loss: 2.7524, Acc@1: 46.67%, Acc@5: 77.60%
LR (head): 0.000275
LR (backbone): 0.000046

Epoch 111/450 [Stage 2]
Train - Loss: 3.2919, Acc@1: 33.62%, Acc@5: 61.23%
Val   - Loss: 2.7491, Acc@1: 47.12%, Acc@5: 78.64%
LR (head): 0.000274
LR (backbone): 0.000046

Epoch 112/450 [Stage 2]
Train - Loss: 3.2613, Acc@1: 34.61%, Acc@5: 62.26%
Val   - Loss: 2.7191, Acc@1: 48.19%, Acc@5: 77.99%
LR (head): 0.000273
LR (backbone): 0.000046

Epoch 113/450 [Stage 2]
Train - Loss: 3.2522, Acc@1: 34.83%, Acc@5: 62.68%
Val   - Loss: 2.7528, Acc@1: 47.14%, Acc@5: 78.98%
LR (head): 0.000273
LR (backbone): 0.000045

Epoch 114/450 [Stage 2]
Train - Loss: 3.2485, Acc@1: 34.81%, Acc@5: 62.36%
Val   - Loss: 2.7283, Acc@1: 49.03%, Acc@5: 79.03%
LR (head): 0.000272
LR (backbone): 0.000045

Epoch 115/450 [Stage 2]
Train - Loss: 3.2385, Acc@1: 35.00%, Acc@5: 62.45%
Val   - Loss: 2.7243, Acc@1: 48.23%, Acc@5: 79.03%
LR (head): 0.000271
LR (backbone): 0.000045

Epoch 116/450 [Stage 2]
Train - Loss: 3.2373, Acc@1: 34.85%, Acc@5: 62.24%
Val   - Loss: 2.7247, Acc@1: 48.25%, Acc@5: 79.39%
LR (head): 0.000271
LR (backbone): 0.000045

Epoch 117/450 [Stage 2]
Train - Loss: 3.2284, Acc@1: 35.73%, Acc@5: 62.94%
Val   - Loss: 2.6886, Acc@1: 49.82%, Acc@5: 80.01%
LR (head): 0.000270
LR (backbone): 0.000045

Epoch 118/450 [Stage 2]
Train - Loss: 3.2264, Acc@1: 35.16%, Acc@5: 62.59%
Val   - Loss: 2.6930, Acc@1: 48.15%, Acc@5: 79.13%
LR (head): 0.000269
LR (backbone): 0.000045

Epoch 119/450 [Stage 2]
Train - Loss: 3.2046, Acc@1: 35.71%, Acc@5: 63.35%
Val   - Loss: 2.6978, Acc@1: 49.68%, Acc@5: 80.09%
LR (head): 0.000269
LR (backbone): 0.000045

Epoch 120/450 [Stage 2]
Train - Loss: 3.2134, Acc@1: 35.64%, Acc@5: 63.27%
Val   - Loss: 2.7128, Acc@1: 48.44%, Acc@5: 79.60%
LR (head): 0.000268
LR (backbone): 0.000045

Epoch 121/450 [Stage 2]
Train - Loss: 3.1696, Acc@1: 37.14%, Acc@5: 64.33%
Val   - Loss: 2.7253, Acc@1: 48.76%, Acc@5: 79.09%
LR (head): 0.000267
LR (backbone): 0.000045

Epoch 122/450 [Stage 2]
Train - Loss: 3.1878, Acc@1: 36.36%, Acc@5: 63.86%
Val   - Loss: 2.7538, Acc@1: 47.31%, Acc@5: 78.56%
LR (head): 0.000267
LR (backbone): 0.000044

Epoch 123/450 [Stage 2]
Train - Loss: 3.1545, Acc@1: 36.54%, Acc@5: 64.42%
Val   - Loss: 2.7617, Acc@1: 49.27%, Acc@5: 78.25%
LR (head): 0.000266
LR (backbone): 0.000044

Epoch 124/450 [Stage 2]
Train - Loss: 3.1416, Acc@1: 37.01%, Acc@5: 65.18%
Val   - Loss: 2.7479, Acc@1: 48.89%, Acc@5: 78.15%
LR (head): 0.000265
LR (backbone): 0.000044

Epoch 125/450 [Stage 2]
Train - Loss: 3.1436, Acc@1: 37.87%, Acc@5: 65.01%
Val   - Loss: 2.7755, Acc@1: 47.95%, Acc@5: 77.92%
LR (head): 0.000264
LR (backbone): 0.000044

Epoch 126/450 [Stage 2]
Train - Loss: 3.1289, Acc@1: 37.79%, Acc@5: 65.31%
Val   - Loss: 2.7734, Acc@1: 47.91%, Acc@5: 78.05%
LR (head): 0.000264
LR (backbone): 0.000044

Epoch 127/450 [Stage 2]
Train - Loss: 3.1413, Acc@1: 37.55%, Acc@5: 65.18%
Val   - Loss: 2.7520, Acc@1: 48.63%, Acc@5: 77.66%
LR (head): 0.000263
LR (backbone): 0.000044

Epoch 128/450 [Stage 2]
Train - Loss: 3.1030, Acc@1: 38.65%, Acc@5: 66.01%
Val   - Loss: 2.7470, Acc@1: 48.93%, Acc@5: 77.66%
LR (head): 0.000262
LR (backbone): 0.000044

Epoch 129/450 [Stage 2]
Train - Loss: 3.1016, Acc@1: 38.13%, Acc@5: 65.99%
Val   - Loss: 2.7231, Acc@1: 48.71%, Acc@5: 78.78%
LR (head): 0.000262
LR (backbone): 0.000044

Epoch 130/450 [Stage 2]
Train - Loss: 3.0858, Acc@1: 38.61%, Acc@5: 66.55%
Val   - Loss: 2.7298, Acc@1: 49.10%, Acc@5: 77.84%
LR (head): 0.000261
LR (backbone): 0.000043

Epoch 131/450 [Stage 2]
Train - Loss: 3.0813, Acc@1: 38.85%, Acc@5: 66.08%
Val   - Loss: 2.7668, Acc@1: 48.20%, Acc@5: 77.33%
LR (head): 0.000260
LR (backbone): 0.000043

Epoch 132/450 [Stage 2]
Train - Loss: 3.0751, Acc@1: 38.90%, Acc@5: 66.38%
Val   - Loss: 2.7365, Acc@1: 48.85%, Acc@5: 78.44%
LR (head): 0.000259
LR (backbone): 0.000043

Epoch 133/450 [Stage 2]
Train - Loss: 3.0416, Acc@1: 39.74%, Acc@5: 67.35%
Val   - Loss: 2.7345, Acc@1: 49.22%, Acc@5: 77.43%
LR (head): 0.000259
LR (backbone): 0.000043

Epoch 134/450 [Stage 2]
Train - Loss: 3.0543, Acc@1: 39.81%, Acc@5: 67.27%
Val   - Loss: 2.7755, Acc@1: 47.66%, Acc@5: 76.82%
LR (head): 0.000258
LR (backbone): 0.000043

Epoch 135/450 [Stage 2]
Train - Loss: 3.0456, Acc@1: 40.12%, Acc@5: 67.15%
Val   - Loss: 2.7210, Acc@1: 49.58%, Acc@5: 77.37%
LR (head): 0.000257
LR (backbone): 0.000043

Epoch 136/450 [Stage 2]
Train - Loss: 3.0477, Acc@1: 39.11%, Acc@5: 67.24%
Val   - Loss: 2.7145, Acc@1: 48.54%, Acc@5: 78.23%
LR (head): 0.000256
LR (backbone): 0.000043

Epoch 137/450 [Stage 2]
Train - Loss: 3.0262, Acc@1: 40.81%, Acc@5: 67.28%
Val   - Loss: 2.7562, Acc@1: 48.19%, Acc@5: 77.74%
LR (head): 0.000255
LR (backbone): 0.000043

Epoch 138/450 [Stage 2]
Train - Loss: 3.0101, Acc@1: 40.37%, Acc@5: 68.02%
Val   - Loss: 2.7998, Acc@1: 47.72%, Acc@5: 77.01%
LR (head): 0.000255
LR (backbone): 0.000042

Epoch 139/450 [Stage 2]
Train - Loss: 3.0068, Acc@1: 40.43%, Acc@5: 67.75%
Val   - Loss: 2.7356, Acc@1: 48.50%, Acc@5: 78.83%
LR (head): 0.000254
LR (backbone): 0.000042

Epoch 140/450 [Stage 2]
Train - Loss: 3.0240, Acc@1: 39.99%, Acc@5: 67.34%
Val   - Loss: 2.7939, Acc@1: 47.15%, Acc@5: 76.76%
LR (head): 0.000253
LR (backbone): 0.000042

Epoch 141/450 [Stage 2]
Train - Loss: 2.9997, Acc@1: 41.04%, Acc@5: 68.54%
Val   - Loss: 2.7607, Acc@1: 47.14%, Acc@5: 77.76%
LR (head): 0.000252
LR (backbone): 0.000042

Epoch 142/450 [Stage 2]
Train - Loss: 3.0027, Acc@1: 40.48%, Acc@5: 68.33%
Val   - Loss: 2.7975, Acc@1: 46.94%, Acc@5: 76.23%
LR (head): 0.000251
LR (backbone): 0.000042

Epoch 143/450 [Stage 2]
Train - Loss: 3.0036, Acc@1: 40.27%, Acc@5: 68.39%
Val   - Loss: 2.7801, Acc@1: 48.41%, Acc@5: 76.96%
LR (head): 0.000250
LR (backbone): 0.000042

Epoch 144/450 [Stage 2]
Train - Loss: 2.9795, Acc@1: 42.20%, Acc@5: 68.33%
Val   - Loss: 2.7696, Acc@1: 49.56%, Acc@5: 77.27%
LR (head): 0.000250
LR (backbone): 0.000042

Epoch 145/450 [Stage 2]
Train - Loss: 2.9718, Acc@1: 41.65%, Acc@5: 68.79%
Val   - Loss: 2.7667, Acc@1: 49.54%, Acc@5: 77.06%
LR (head): 0.000249
LR (backbone): 0.000041

Epoch 146/450 [Stage 2]
Train - Loss: 2.9640, Acc@1: 42.05%, Acc@5: 69.37%
Val   - Loss: 2.7614, Acc@1: 48.50%, Acc@5: 78.31%
LR (head): 0.000248
LR (backbone): 0.000041

Epoch 147/450 [Stage 2]
Train - Loss: 2.9414, Acc@1: 41.99%, Acc@5: 70.06%
Val   - Loss: 2.7238, Acc@1: 49.50%, Acc@5: 79.05%
LR (head): 0.000247
LR (backbone): 0.000041

Epoch 148/450 [Stage 2]
Train - Loss: 2.9351, Acc@1: 42.36%, Acc@5: 70.21%
Val   - Loss: 2.7462, Acc@1: 48.00%, Acc@5: 79.24%
LR (head): 0.000246
LR (backbone): 0.000041

Epoch 149/450 [Stage 2]
Train - Loss: 2.9345, Acc@1: 42.89%, Acc@5: 69.70%
Val   - Loss: 2.7750, Acc@1: 48.54%, Acc@5: 77.47%
LR (head): 0.000245
LR (backbone): 0.000041

Epoch 150/450 [Stage 2]
Train - Loss: 2.9139, Acc@1: 43.61%, Acc@5: 70.33%
Val   - Loss: 2.7601, Acc@1: 49.03%, Acc@5: 78.46%
LR (head): 0.000245
LR (backbone): 0.000041

Epoch 151/450 [Stage 2]
Train - Loss: 2.9110, Acc@1: 43.86%, Acc@5: 70.39%
Val   - Loss: 2.7372, Acc@1: 49.82%, Acc@5: 77.84%
LR (head): 0.000244
LR (backbone): 0.000041

Epoch 152/450 [Stage 2]
Train - Loss: 2.9133, Acc@1: 43.18%, Acc@5: 70.55%
Val   - Loss: 2.7823, Acc@1: 49.03%, Acc@5: 77.50%
LR (head): 0.000243
LR (backbone): 0.000040

Epoch 153/450 [Stage 2]
Train - Loss: 2.8728, Acc@1: 44.47%, Acc@5: 71.48%
Val   - Loss: 2.7272, Acc@1: 50.41%, Acc@5: 77.84%
LR (head): 0.000242
LR (backbone): 0.000040

Epoch 154/450 [Stage 2]
Train - Loss: 2.8680, Acc@1: 43.88%, Acc@5: 71.40%
Val   - Loss: 2.7631, Acc@1: 49.68%, Acc@5: 78.74%
LR (head): 0.000241
LR (backbone): 0.000040

Epoch 155/450 [Stage 2]
Train - Loss: 2.8771, Acc@1: 43.27%, Acc@5: 71.20%
Val   - Loss: 2.8064, Acc@1: 49.17%, Acc@5: 77.45%
LR (head): 0.000240
LR (backbone): 0.000040

Epoch 156/450 [Stage 2]
Train - Loss: 2.8557, Acc@1: 44.88%, Acc@5: 71.50%
Val   - Loss: 2.8075, Acc@1: 48.15%, Acc@5: 77.53%
LR (head): 0.000239
LR (backbone): 0.000040

Epoch 157/450 [Stage 2]
Train - Loss: 2.8609, Acc@1: 45.28%, Acc@5: 71.46%
Val   - Loss: 2.7891, Acc@1: 48.53%, Acc@5: 77.76%
LR (head): 0.000238
LR (backbone): 0.000040

Epoch 158/450 [Stage 2]
Train - Loss: 2.8414, Acc@1: 45.00%, Acc@5: 72.30%
Val   - Loss: 2.7936, Acc@1: 49.80%, Acc@5: 78.31%
LR (head): 0.000237
LR (backbone): 0.000040

Epoch 159/450 [Stage 2]
Train - Loss: 2.8512, Acc@1: 45.28%, Acc@5: 71.65%
Val   - Loss: 2.8195, Acc@1: 48.00%, Acc@5: 76.95%
LR (head): 0.000236
LR (backbone): 0.000039

Epoch 160/450 [Stage 2]
Train - Loss: 2.8328, Acc@1: 45.54%, Acc@5: 72.28%
Val   - Loss: 2.8276, Acc@1: 49.08%, Acc@5: 76.87%
LR (head): 0.000236
LR (backbone): 0.000039

Epoch 161/450 [Stage 2]
Train - Loss: 2.8321, Acc@1: 45.59%, Acc@5: 71.82%
Val   - Loss: 2.7875, Acc@1: 51.47%, Acc@5: 77.63%
LR (head): 0.000235
LR (backbone): 0.000039

Epoch 162/450 [Stage 2]
Train - Loss: 2.8338, Acc@1: 45.39%, Acc@5: 72.21%
Val   - Loss: 2.8162, Acc@1: 48.10%, Acc@5: 77.00%
LR (head): 0.000234
LR (backbone): 0.000039

Epoch 163/450 [Stage 2]
Train - Loss: 2.8264, Acc@1: 45.36%, Acc@5: 72.70%
Val   - Loss: 2.8271, Acc@1: 47.36%, Acc@5: 76.72%
LR (head): 0.000233
LR (backbone): 0.000039

Epoch 164/450 [Stage 2]
Train - Loss: 2.8010, Acc@1: 46.32%, Acc@5: 72.98%
Val   - Loss: 2.8184, Acc@1: 49.80%, Acc@5: 76.82%
LR (head): 0.000232
LR (backbone): 0.000039

Epoch 165/450 [Stage 2]
Train - Loss: 2.8017, Acc@1: 46.35%, Acc@5: 73.11%
Val   - Loss: 2.8146, Acc@1: 49.12%, Acc@5: 77.08%
LR (head): 0.000231
LR (backbone): 0.000038

Epoch 166/450 [Stage 2]
Train - Loss: 2.7734, Acc@1: 47.55%, Acc@5: 73.46%
Val   - Loss: 2.8226, Acc@1: 48.15%, Acc@5: 76.72%
LR (head): 0.000230
LR (backbone): 0.000038

Epoch 167/450 [Stage 2]
Train - Loss: 2.7992, Acc@1: 46.80%, Acc@5: 72.68%
Val   - Loss: 2.8485, Acc@1: 47.68%, Acc@5: 76.67%
LR (head): 0.000229
LR (backbone): 0.000038

Epoch 168/450 [Stage 2]
Train - Loss: 2.7940, Acc@1: 46.85%, Acc@5: 73.59%
Val   - Loss: 2.8517, Acc@1: 49.16%, Acc@5: 75.81%
LR (head): 0.000228
LR (backbone): 0.000038

Epoch 169/450 [Stage 2]
Train - Loss: 2.7838, Acc@1: 46.72%, Acc@5: 73.73%
Val   - Loss: 2.8608, Acc@1: 47.87%, Acc@5: 76.49%
LR (head): 0.000227
LR (backbone): 0.000038

Epoch 170/450 [Stage 2]
Train - Loss: 2.7554, Acc@1: 48.01%, Acc@5: 73.62%
Val   - Loss: 2.8393, Acc@1: 48.52%, Acc@5: 77.24%
LR (head): 0.000226
LR (backbone): 0.000038

Epoch 171/450 [Stage 2]
Train - Loss: 2.7475, Acc@1: 48.15%, Acc@5: 73.67%
Val   - Loss: 2.8273, Acc@1: 47.54%, Acc@5: 77.04%
LR (head): 0.000225
LR (backbone): 0.000038

Epoch 172/450 [Stage 2]
Train - Loss: 2.7561, Acc@1: 48.05%, Acc@5: 73.85%
Val   - Loss: 2.8017, Acc@1: 48.40%, Acc@5: 77.60%
LR (head): 0.000224
LR (backbone): 0.000037

Epoch 173/450 [Stage 2]
Train - Loss: 2.7265, Acc@1: 48.69%, Acc@5: 74.86%
Val   - Loss: 2.8182, Acc@1: 49.48%, Acc@5: 76.33%
LR (head): 0.000223
LR (backbone): 0.000037

Epoch 174/450 [Stage 2]
Train - Loss: 2.7176, Acc@1: 49.38%, Acc@5: 74.82%
Val   - Loss: 2.8336, Acc@1: 47.43%, Acc@5: 77.06%
LR (head): 0.000222
LR (backbone): 0.000037

Epoch 175/450 [Stage 2]
Train - Loss: 2.7226, Acc@1: 48.73%, Acc@5: 74.15%
Val   - Loss: 2.8227, Acc@1: 48.21%, Acc@5: 77.78%
LR (head): 0.000221
LR (backbone): 0.000037

Epoch 176/450 [Stage 2]
Train - Loss: 2.7062, Acc@1: 48.76%, Acc@5: 75.03%
Val   - Loss: 2.8557, Acc@1: 48.01%, Acc@5: 78.15%
LR (head): 0.000220
LR (backbone): 0.000037

Epoch 177/450 [Stage 2]
Train - Loss: 2.7002, Acc@1: 49.48%, Acc@5: 75.10%
Val   - Loss: 2.8161, Acc@1: 49.75%, Acc@5: 78.25%
LR (head): 0.000219
LR (backbone): 0.000037

Epoch 178/450 [Stage 2]
Train - Loss: 2.6914, Acc@1: 49.39%, Acc@5: 75.37%
Val   - Loss: 2.8281, Acc@1: 47.21%, Acc@5: 77.27%
LR (head): 0.000218
LR (backbone): 0.000036

Epoch 179/450 [Stage 2]
Train - Loss: 2.6702, Acc@1: 50.13%, Acc@5: 75.93%
Val   - Loss: 2.8056, Acc@1: 47.95%, Acc@5: 78.07%
LR (head): 0.000217
LR (backbone): 0.000036

Epoch 180/450 [Stage 2]
Train - Loss: 2.6950, Acc@1: 49.75%, Acc@5: 74.67%
Val   - Loss: 2.7897, Acc@1: 49.29%, Acc@5: 78.46%
LR (head): 0.000216
LR (backbone): 0.000036

Epoch 181/450 [Stage 2]
Train - Loss: 2.6986, Acc@1: 49.34%, Acc@5: 75.42%
Val   - Loss: 2.7822, Acc@1: 48.76%, Acc@5: 77.74%
LR (head): 0.000215
LR (backbone): 0.000036

Epoch 182/450 [Stage 2]
Train - Loss: 2.6974, Acc@1: 49.49%, Acc@5: 74.83%
Val   - Loss: 2.7527, Acc@1: 50.01%, Acc@5: 78.07%
LR (head): 0.000214
LR (backbone): 0.000036

Epoch 183/450 [Stage 2]
Train - Loss: 2.6757, Acc@1: 50.70%, Acc@5: 75.32%
Val   - Loss: 2.7807, Acc@1: 49.53%, Acc@5: 77.11%
LR (head): 0.000213
LR (backbone): 0.000036

Epoch 184/450 [Stage 2]
Train - Loss: 2.6691, Acc@1: 49.98%, Acc@5: 75.68%
Val   - Loss: 2.7618, Acc@1: 50.52%, Acc@5: 77.37%
LR (head): 0.000212
LR (backbone): 0.000035

Epoch 185/450 [Stage 2]
Train - Loss: 2.6448, Acc@1: 51.11%, Acc@5: 76.21%
Val   - Loss: 2.7981, Acc@1: 48.97%, Acc@5: 77.53%
LR (head): 0.000211
LR (backbone): 0.000035

Epoch 186/450 [Stage 2]
Train - Loss: 2.6487, Acc@1: 50.65%, Acc@5: 76.25%
Val   - Loss: 2.7818, Acc@1: 48.98%, Acc@5: 77.53%
LR (head): 0.000210
LR (backbone): 0.000035

Epoch 187/450 [Stage 2]
Train - Loss: 2.6516, Acc@1: 50.75%, Acc@5: 75.72%
Val   - Loss: 2.7950, Acc@1: 49.27%, Acc@5: 76.64%
LR (head): 0.000209
LR (backbone): 0.000035

Epoch 188/450 [Stage 2]
Train - Loss: 2.6320, Acc@1: 51.06%, Acc@5: 76.58%
Val   - Loss: 2.8212, Acc@1: 48.76%, Acc@5: 77.25%
LR (head): 0.000208
LR (backbone): 0.000035

Epoch 189/450 [Stage 2]
Train - Loss: 2.6259, Acc@1: 51.80%, Acc@5: 77.02%
Val   - Loss: 2.7952, Acc@1: 50.12%, Acc@5: 77.25%
LR (head): 0.000207
LR (backbone): 0.000035

Epoch 190/450 [Stage 2]
Train - Loss: 2.6402, Acc@1: 51.10%, Acc@5: 76.48%
Val   - Loss: 2.7783, Acc@1: 48.80%, Acc@5: 77.86%
LR (head): 0.000206
LR (backbone): 0.000034

Epoch 191/450 [Stage 2]
Train - Loss: 2.6120, Acc@1: 52.17%, Acc@5: 76.71%
Val   - Loss: 2.8045, Acc@1: 47.82%, Acc@5: 76.67%
LR (head): 0.000205
LR (backbone): 0.000034

Epoch 192/450 [Stage 2]
Train - Loss: 2.6061, Acc@1: 52.25%, Acc@5: 77.12%
Val   - Loss: 2.7939, Acc@1: 48.76%, Acc@5: 77.21%
LR (head): 0.000204
LR (backbone): 0.000034

Epoch 193/450 [Stage 2]
Train - Loss: 2.5960, Acc@1: 52.43%, Acc@5: 77.33%
Val   - Loss: 2.7850, Acc@1: 48.86%, Acc@5: 76.98%
LR (head): 0.000203
LR (backbone): 0.000034

Epoch 194/450 [Stage 2]
Train - Loss: 2.5972, Acc@1: 51.96%, Acc@5: 77.58%
Val   - Loss: 2.7793, Acc@1: 50.70%, Acc@5: 77.24%
LR (head): 0.000202
LR (backbone): 0.000034

Epoch 195/450 [Stage 2]
Train - Loss: 2.5902, Acc@1: 52.55%, Acc@5: 77.13%
Val   - Loss: 2.7977, Acc@1: 49.58%, Acc@5: 77.24%
LR (head): 0.000201
LR (backbone): 0.000033

Epoch 196/450 [Stage 2]
Train - Loss: 2.5916, Acc@1: 52.68%, Acc@5: 77.05%
Val   - Loss: 2.7953, Acc@1: 49.72%, Acc@5: 77.49%
LR (head): 0.000200
LR (backbone): 0.000033

Epoch 197/450 [Stage 2]
Train - Loss: 2.6007, Acc@1: 52.28%, Acc@5: 76.93%
Val   - Loss: 2.7957, Acc@1: 48.81%, Acc@5: 76.96%
LR (head): 0.000199
LR (backbone): 0.000033

Epoch 198/450 [Stage 2]
Train - Loss: 2.5841, Acc@1: 52.76%, Acc@5: 77.22%
Val   - Loss: 2.7661, Acc@1: 50.11%, Acc@5: 77.60%
LR (head): 0.000198
LR (backbone): 0.000033

Epoch 199/450 [Stage 2]
Train - Loss: 2.5616, Acc@1: 53.21%, Acc@5: 77.85%
Val   - Loss: 2.7530, Acc@1: 50.71%, Acc@5: 77.53%
LR (head): 0.000197
LR (backbone): 0.000033

Epoch 200/450 [Stage 2]
Train - Loss: 2.5774, Acc@1: 52.61%, Acc@5: 77.66%
Val   - Loss: 2.8043, Acc@1: 48.89%, Acc@5: 77.14%
LR (head): 0.000195
LR (backbone): 0.000033

Epoch 201/450 [Stage 2]
Train - Loss: 2.5619, Acc@1: 53.30%, Acc@5: 78.00%
Val   - Loss: 2.7939, Acc@1: 50.11%, Acc@5: 77.60%
LR (head): 0.000194
LR (backbone): 0.000032

Epoch 202/450 [Stage 2]
Train - Loss: 2.5619, Acc@1: 53.45%, Acc@5: 77.92%
Val   - Loss: 2.7529, Acc@1: 50.81%, Acc@5: 77.86%
LR (head): 0.000193
LR (backbone): 0.000032

Epoch 203/450 [Stage 2]
Train - Loss: 2.5479, Acc@1: 53.65%, Acc@5: 78.16%
Val   - Loss: 2.8159, Acc@1: 49.15%, Acc@5: 76.64%
LR (head): 0.000192
LR (backbone): 0.000032

Epoch 204/450 [Stage 2]
Train - Loss: 2.5151, Acc@1: 54.63%, Acc@5: 78.79%
Val   - Loss: 2.7984, Acc@1: 48.89%, Acc@5: 76.74%
LR (head): 0.000191
LR (backbone): 0.000032

Epoch 205/450 [Stage 2]
Train - Loss: 2.5491, Acc@1: 53.92%, Acc@5: 78.16%
Val   - Loss: 2.7957, Acc@1: 48.44%, Acc@5: 77.24%
LR (head): 0.000190
LR (backbone): 0.000032

Epoch 206/450 [Stage 2]
Train - Loss: 2.5330, Acc@1: 53.80%, Acc@5: 78.38%
Val   - Loss: 2.8053, Acc@1: 48.31%, Acc@5: 77.16%
LR (head): 0.000189
LR (backbone): 0.000032

Epoch 207/450 [Stage 2]
Train - Loss: 2.5037, Acc@1: 55.71%, Acc@5: 79.20%
Val   - Loss: 2.8214, Acc@1: 47.87%, Acc@5: 77.08%
LR (head): 0.000188
LR (backbone): 0.000031

Epoch 208/450 [Stage 2]
Train - Loss: 2.5282, Acc@1: 54.81%, Acc@5: 78.69%
Val   - Loss: 2.8305, Acc@1: 47.09%, Acc@5: 76.30%
LR (head): 0.000187
LR (backbone): 0.000031

Epoch 209/450 [Stage 2]
Train - Loss: 2.5118, Acc@1: 54.86%, Acc@5: 79.08%
Val   - Loss: 2.8099, Acc@1: 48.39%, Acc@5: 76.77%
LR (head): 0.000186
LR (backbone): 0.000031

Epoch 210/450 [Stage 2]
Train - Loss: 2.5083, Acc@1: 54.75%, Acc@5: 79.45%
Val   - Loss: 2.7912, Acc@1: 48.42%, Acc@5: 77.08%
LR (head): 0.000185
LR (backbone): 0.000031

Epoch 211/450 [Stage 2]
Train - Loss: 2.5185, Acc@1: 54.69%, Acc@5: 78.89%
Val   - Loss: 2.8246, Acc@1: 46.84%, Acc@5: 77.08%
LR (head): 0.000184
LR (backbone): 0.000031

Epoch 212/450 [Stage 2]
Train - Loss: 2.5012, Acc@1: 55.44%, Acc@5: 79.49%
Val   - Loss: 2.7920, Acc@1: 48.93%, Acc@5: 77.24%
LR (head): 0.000183
LR (backbone): 0.000030

Epoch 213/450 [Stage 2]
Train - Loss: 2.4851, Acc@1: 55.39%, Acc@5: 79.44%
Val   - Loss: 2.8055, Acc@1: 47.76%, Acc@5: 76.98%
LR (head): 0.000181
LR (backbone): 0.000030

Epoch 214/450 [Stage 2]
Train - Loss: 2.4755, Acc@1: 55.56%, Acc@5: 79.70%
Val   - Loss: 2.7929, Acc@1: 49.82%, Acc@5: 77.44%
LR (head): 0.000180
LR (backbone): 0.000030

Epoch 215/450 [Stage 2]
Train - Loss: 2.4654, Acc@1: 56.24%, Acc@5: 79.93%
Val   - Loss: 2.7770, Acc@1: 48.98%, Acc@5: 77.18%
LR (head): 0.000179
LR (backbone): 0.000030

Epoch 216/450 [Stage 2]
Train - Loss: 2.4587, Acc@1: 56.21%, Acc@5: 80.01%
Val   - Loss: 2.8216, Acc@1: 48.50%, Acc@5: 76.55%
LR (head): 0.000178
LR (backbone): 0.000030

Epoch 217/450 [Stage 2]
Train - Loss: 2.4583, Acc@1: 56.55%, Acc@5: 80.40%
Val   - Loss: 2.8130, Acc@1: 49.32%, Acc@5: 76.32%
LR (head): 0.000177
LR (backbone): 0.000030

Epoch 218/450 [Stage 2]
Train - Loss: 2.4784, Acc@1: 56.07%, Acc@5: 79.08%
Val   - Loss: 2.8160, Acc@1: 48.68%, Acc@5: 76.45%
LR (head): 0.000176
LR (backbone): 0.000029

Epoch 219/450 [Stage 2]
Train - Loss: 2.4588, Acc@1: 56.50%, Acc@5: 79.45%
Val   - Loss: 2.7787, Acc@1: 50.89%, Acc@5: 76.84%
LR (head): 0.000175
LR (backbone): 0.000029

Epoch 220/450 [Stage 2]
Train - Loss: 2.4508, Acc@1: 56.79%, Acc@5: 80.34%
Val   - Loss: 2.7784, Acc@1: 50.40%, Acc@5: 77.55%
LR (head): 0.000174
LR (backbone): 0.000029

Epoch 221/450 [Stage 2]
Train - Loss: 2.4650, Acc@1: 56.58%, Acc@5: 80.10%
Val   - Loss: 2.7984, Acc@1: 48.81%, Acc@5: 76.45%
LR (head): 0.000173
LR (backbone): 0.000029

Epoch 222/450 [Stage 2]
Train - Loss: 2.4401, Acc@1: 57.27%, Acc@5: 80.60%
Val   - Loss: 2.7952, Acc@1: 50.40%, Acc@5: 76.32%
LR (head): 0.000172
LR (backbone): 0.000029

Epoch 223/450 [Stage 2]
Train - Loss: 2.4414, Acc@1: 56.44%, Acc@5: 80.03%
Val   - Loss: 2.7984, Acc@1: 49.46%, Acc@5: 76.69%
LR (head): 0.000170
LR (backbone): 0.000028

Epoch 224/450 [Stage 2]
Train - Loss: 2.4450, Acc@1: 56.92%, Acc@5: 79.95%
Val   - Loss: 2.8104, Acc@1: 49.87%, Acc@5: 76.40%
LR (head): 0.000169
LR (backbone): 0.000028

Epoch 225/450 [Stage 2]
Train - Loss: 2.4302, Acc@1: 57.27%, Acc@5: 80.48%
Val   - Loss: 2.7825, Acc@1: 50.37%, Acc@5: 76.51%
LR (head): 0.000168
LR (backbone): 0.000028

Epoch 226/450 [Stage 2]
Train - Loss: 2.4376, Acc@1: 56.99%, Acc@5: 80.44%
Val   - Loss: 2.7696, Acc@1: 51.04%, Acc@5: 76.84%
LR (head): 0.000167
LR (backbone): 0.000028

Epoch 227/450 [Stage 2]
Train - Loss: 2.4124, Acc@1: 57.75%, Acc@5: 80.96%
Val   - Loss: 2.8218, Acc@1: 50.70%, Acc@5: 75.91%
LR (head): 0.000166
LR (backbone): 0.000028

Epoch 228/450 [Stage 2]
Train - Loss: 2.4592, Acc@1: 56.62%, Acc@5: 79.88%
Val   - Loss: 2.8206, Acc@1: 49.36%, Acc@5: 75.83%
LR (head): 0.000165
LR (backbone): 0.000027

Epoch 229/450 [Stage 2]
Train - Loss: 2.4328, Acc@1: 57.18%, Acc@5: 80.22%
Val   - Loss: 2.7953, Acc@1: 50.60%, Acc@5: 75.99%
LR (head): 0.000164
LR (backbone): 0.000027

Epoch 230/450 [Stage 2]
Train - Loss: 2.4075, Acc@1: 58.30%, Acc@5: 80.91%
Val   - Loss: 2.8191, Acc@1: 50.34%, Acc@5: 75.23%
LR (head): 0.000163
LR (backbone): 0.000027

Epoch 231/450 [Stage 2]
Train - Loss: 2.3989, Acc@1: 58.24%, Acc@5: 80.95%
Val   - Loss: 2.8167, Acc@1: 49.32%, Acc@5: 75.54%
LR (head): 0.000161
LR (backbone): 0.000027

Epoch 232/450 [Stage 2]
Train - Loss: 2.4095, Acc@1: 57.76%, Acc@5: 80.46%
Val   - Loss: 2.8059, Acc@1: 49.45%, Acc@5: 76.22%
LR (head): 0.000160
LR (backbone): 0.000027

Epoch 233/450 [Stage 2]
Train - Loss: 2.4169, Acc@1: 58.09%, Acc@5: 80.62%
Val   - Loss: 2.8069, Acc@1: 49.40%, Acc@5: 76.16%
LR (head): 0.000159
LR (backbone): 0.000027

Epoch 234/450 [Stage 2]
Train - Loss: 2.3949, Acc@1: 58.56%, Acc@5: 81.09%
Val   - Loss: 2.8001, Acc@1: 48.31%, Acc@5: 76.69%
LR (head): 0.000158
LR (backbone): 0.000026

Epoch 235/450 [Stage 2]
Train - Loss: 2.3814, Acc@1: 58.52%, Acc@5: 81.68%
Val   - Loss: 2.8238, Acc@1: 48.76%, Acc@5: 75.89%
LR (head): 0.000157
LR (backbone): 0.000026

Epoch 236/450 [Stage 2]
Train - Loss: 2.3710, Acc@1: 59.59%, Acc@5: 81.69%
Val   - Loss: 2.7953, Acc@1: 50.18%, Acc@5: 76.59%
LR (head): 0.000156
LR (backbone): 0.000026

Epoch 237/450 [Stage 2]
Train - Loss: 2.4026, Acc@1: 58.30%, Acc@5: 80.97%
Val   - Loss: 2.7843, Acc@1: 49.15%, Acc@5: 76.59%
LR (head): 0.000155
LR (backbone): 0.000026

Epoch 238/450 [Stage 2]
Train - Loss: 2.3818, Acc@1: 58.61%, Acc@5: 81.30%
Val   - Loss: 2.8415, Acc@1: 48.13%, Acc@5: 75.81%
LR (head): 0.000154
LR (backbone): 0.000026

Epoch 239/450 [Stage 2]
Train - Loss: 2.3580, Acc@1: 59.43%, Acc@5: 82.01%
Val   - Loss: 2.8215, Acc@1: 49.13%, Acc@5: 75.91%
LR (head): 0.000153
LR (backbone): 0.000025

Epoch 240/450 [Stage 2]
Train - Loss: 2.3336, Acc@1: 60.46%, Acc@5: 82.34%
Val   - Loss: 2.8126, Acc@1: 49.25%, Acc@5: 76.38%
LR (head): 0.000151
LR (backbone): 0.000025

Epoch 241/450 [Stage 2]
Train - Loss: 2.3489, Acc@1: 59.63%, Acc@5: 81.98%
Val   - Loss: 2.8396, Acc@1: 47.97%, Acc@5: 75.05%
LR (head): 0.000150
LR (backbone): 0.000025

Epoch 242/450 [Stage 2]
Train - Loss: 2.3746, Acc@1: 59.22%, Acc@5: 81.42%
Val   - Loss: 2.8009, Acc@1: 49.15%, Acc@5: 76.06%
LR (head): 0.000149
LR (backbone): 0.000025

Epoch 243/450 [Stage 2]
Train - Loss: 2.3351, Acc@1: 60.18%, Acc@5: 81.97%
Val   - Loss: 2.7909, Acc@1: 50.52%, Acc@5: 76.30%
LR (head): 0.000148
LR (backbone): 0.000025

Epoch 244/450 [Stage 2]
Train - Loss: 2.3590, Acc@1: 59.56%, Acc@5: 81.85%
Val   - Loss: 2.7972, Acc@1: 50.03%, Acc@5: 75.42%
LR (head): 0.000147
LR (backbone): 0.000024

Epoch 245/450 [Stage 2]
Train - Loss: 2.3242, Acc@1: 60.55%, Acc@5: 82.56%
Val   - Loss: 2.8030, Acc@1: 50.38%, Acc@5: 76.98%
LR (head): 0.000146
LR (backbone): 0.000024

Epoch 246/450 [Stage 2]
Train - Loss: 2.3348, Acc@1: 60.21%, Acc@5: 82.06%
Val   - Loss: 2.8053, Acc@1: 50.38%, Acc@5: 76.09%
LR (head): 0.000145
LR (backbone): 0.000024

Epoch 247/450 [Stage 2]
Train - Loss: 2.3344, Acc@1: 60.09%, Acc@5: 82.52%
Val   - Loss: 2.8007, Acc@1: 49.44%, Acc@5: 75.18%
LR (head): 0.000144
LR (backbone): 0.000024

Epoch 248/450 [Stage 2]
Train - Loss: 2.3314, Acc@1: 60.61%, Acc@5: 82.13%
Val   - Loss: 2.7985, Acc@1: 50.45%, Acc@5: 75.91%
LR (head): 0.000142
LR (backbone): 0.000024

Epoch 249/450 [Stage 2]
Train - Loss: 2.3473, Acc@1: 59.92%, Acc@5: 81.80%
Val   - Loss: 2.8018, Acc@1: 50.62%, Acc@5: 76.53%
LR (head): 0.000141
LR (backbone): 0.000024

Epoch 250/450 [Stage 2]
Train - Loss: 2.3148, Acc@1: 60.18%, Acc@5: 82.69%
Val   - Loss: 2.7872, Acc@1: 50.95%, Acc@5: 76.38%
LR (head): 0.000140
LR (backbone): 0.000023
Entering Stage 3: Unfreezing last 6 blocks

✓ Best model saved: ../result/vit/train_20251105_013221/best_model.pth
✓ Best Acc@1: 51.47%

================================================================================
Training Completed!
================================================================================
Results saved to: ../result/vit/train_20251105_013221
